Flow report for Flow
Fri Dec 07 15:49:02 2012
Quartus II Version 9.1 Build 350 03/24/2010 Service Pack 2 SJ Web Edition


---------------------
; Table of Contents ;
---------------------
  1. Legal Notice
  2. Flow Summary
  3. Flow Settings
  4. Flow Non-Default Global Settings
  5. Flow Elapsed Time
  6. Flow OS Summary
  7. Flow Log



----------------
; Legal Notice ;
----------------
Copyright (C) 1991-2010 Altera Corporation
Your use of Altera Corporation's design tools, logic functions 
and other software and tools, and its AMPP partner logic 
functions, and any output files from any of the foregoing 
(including device programming or simulation files), and any 
associated documentation or information are expressly subject 
to the terms and conditions of the Altera Program License 
Subscription Agreement, Altera MegaCore Function License 
Agreement, or other applicable license agreement, including, 
without limitation, that your use is for the sole purpose of 
programming logic devices manufactured by Altera and sold by 
Altera or its authorized distributors.  Please refer to the 
applicable agreement for further details.



+-----------------------------------------------------------------------------------+
; Flow Summary                                                                      ;
+------------------------------------+----------------------------------------------+
; Flow Status                        ; Successful - Fri Dec 07 15:49:02 2012        ;
; Quartus II Version                 ; 9.1 Build 350 03/24/2010 SP 2 SJ Web Edition ;
; Revision Name                      ; Flow                                         ;
; Top-level Entity Name              ; Flow                                         ;
; Family                             ; Cyclone II                                   ;
; Device                             ; EP2C35F672C6                                 ;
; Timing Models                      ; Final                                        ;
; Met timing requirements            ; Yes                                          ;
; Total logic elements               ; 32,589 / 33,216 ( 98 % )                     ;
;     Total combinational functions  ; 32,454 / 33,216 ( 98 % )                     ;
;     Dedicated logic registers      ; 7,287 / 33,216 ( 22 % )                      ;
; Total registers                    ; 7287                                         ;
; Total pins                         ; 54 / 475 ( 11 % )                            ;
; Total virtual pins                 ; 0                                            ;
; Total memory bits                  ; 0 / 483,840 ( 0 % )                          ;
; Embedded Multiplier 9-bit elements ; 0 / 70 ( 0 % )                               ;
; Total PLLs                         ; 0 / 4 ( 0 % )                                ;
+------------------------------------+----------------------------------------------+


+-----------------------------------------+
; Flow Settings                           ;
+-------------------+---------------------+
; Option            ; Setting             ;
+-------------------+---------------------+
; Start date & time ; 12/07/2012 15:39:55 ;
; Main task         ; Compilation         ;
; Revision Name     ; Flow                ;
+-------------------+---------------------+


+---------------------------------------------------------------------------------------------------------------------+
; Flow Non-Default Global Settings                                                                                    ;
+------------------------------------+---------------------------------+---------------+-------------+----------------+
; Assignment Name                    ; Value                           ; Default Value ; Entity Name ; Section Id     ;
+------------------------------------+---------------------------------+---------------+-------------+----------------+
; COMPILER_SIGNATURE_ID              ; 203369672562398.135491639301556 ; --            ; --          ; --             ;
; FITTER_EFFORT                      ; Fast Fit                        ; Auto Fit      ; --          ; --             ;
; MAX_CORE_JUNCTION_TEMP             ; 85                              ; --            ; --          ; --             ;
; MIN_CORE_JUNCTION_TEMP             ; 0                               ; --            ; --          ; --             ;
; MISC_FILE                          ; C:/ece388/Flow/Flow.dpf         ; --            ; --          ; --             ;
; PARTITION_COLOR                    ; 16764057                        ; --            ; --          ; Top            ;
; PARTITION_NETLIST_TYPE             ; SOURCE                          ; --            ; --          ; Top            ;
; USE_GENERATED_PHYSICAL_CONSTRAINTS ; Off                             ; --            ; --          ; eda_blast_fpga ;
+------------------------------------+---------------------------------+---------------+-------------+----------------+


+-----------------------------------------------------------------------------------------------------------------------------+
; Flow Elapsed Time                                                                                                           ;
+-------------------------+--------------+-------------------------+---------------------+------------------------------------+
; Module Name             ; Elapsed Time ; Average Processors Used ; Peak Virtual Memory ; Total CPU Time (on all processors) ;
+-------------------------+--------------+-------------------------+---------------------+------------------------------------+
; Analysis & Synthesis    ; 00:03:04     ; 1.0                     ; 357 MB              ; 00:02:57                           ;
; Fitter                  ; 00:05:41     ; 1.0                     ; 396 MB              ; 00:05:32                           ;
; Assembler               ; 00:00:04     ; 1.0                     ; 299 MB              ; 00:00:04                           ;
; Classic Timing Analyzer ; 00:00:05     ; 1.0                     ; 336 MB              ; 00:00:04                           ;
; Total                   ; 00:08:54     ; --                      ; --                  ; 00:08:37                           ;
+-------------------------+--------------+-------------------------+---------------------+------------------------------------+


+------------------------------------------------------------------------------------------+
; Flow OS Summary                                                                          ;
+-------------------------+------------------+---------------+------------+----------------+
; Module Name             ; Machine Hostname ; OS Name       ; OS Version ; Processor type ;
+-------------------------+------------------+---------------+------------+----------------+
; Analysis & Synthesis    ; WIN-NPHKQL7B07T  ; Windows Vista ; 6.1        ; x86_64         ;
; Fitter                  ; WIN-NPHKQL7B07T  ; Windows Vista ; 6.1        ; x86_64         ;
; Assembler               ; WIN-NPHKQL7B07T  ; Windows Vista ; 6.1        ; x86_64         ;
; Classic Timing Analyzer ; WIN-NPHKQL7B07T  ; Windows Vista ; 6.1        ; x86_64         ;
+-------------------------+------------------+---------------+------------+----------------+


------------
; Flow Log ;
------------
quartus_map --read_settings_files=on --write_settings_files=off Flow -c Flow
quartus_fit --read_settings_files=off --write_settings_files=off Flow -c Flow
quartus_asm --read_settings_files=off --write_settings_files=off Flow -c Flow
quartus_tan --read_settings_files=off --write_settings_files=off Flow -c Flow --timing_analysis_only



